<?xml version="1.0" encoding="UTF-8"?>
<!-- Generated by org.testng.reporters.JUnitXMLReporter -->
<testsuite ignored="3" hostname="DESKTOP-S7SOFT1" failures="0" tests="1" name="Default test" time="18.321" errors="0" timestamp="2022-08-26T13:46:26 IST">
  <testcase classname="com.qa.pagetests.HomePageTest" name="verifyLoginBtnFunctionality" time="2.224"/>
  <testcase classname="com.qa.pagetests.HomePageTest" name="verifyPageSource" time="0.0">
    <ignored/>
  </testcase> <!-- verifyPageSource -->
  <testcase classname="com.qa.pagetests.HomePageTest" name="verifyHomePageTitle" time="0.0">
    <ignored/>
  </testcase> <!-- verifyHomePageTitle -->
  <testcase classname="com.qa.pagetests.HomePageTest" name="verifyRegisterBtnFunctionality" time="0.0">
    <ignored/>
  </testcase> <!-- verifyRegisterBtnFunctionality -->
</testsuite> <!-- Default test -->
