<?xml version="1.0" encoding="UTF-8"?>
<testng-results ignored="3" total="4" passed="1" failed="0" skipped="0">
  <reporter-output>
  </reporter-output>
  <suite started-at="2022-08-26T13:46:08 IST" name="Default suite" finished-at="2022-08-26T13:46:26 IST" duration-ms="18321">
    <groups>
    </groups>
    <test started-at="2022-08-26T13:46:08 IST" name="Default test" finished-at="2022-08-26T13:46:26 IST" duration-ms="18321">
      <class name="com.qa.pagetests.HomePageTest">
        <test-method is-config="true" signature="setUp(java.lang.String)[pri:0, instance:com.qa.pagetests.HomePageTest@3c01cfa1]" started-at="2022-08-26T13:46:08 IST" name="setUp" finished-at="2022-08-26T13:46:24 IST" duration-ms="15869" status="PASS">
          <params>
            <param index="0">
              <value>
                <![CDATA[chrome]]>
              </value>
            </param>
          </params>
          <reporter-output>
          </reporter-output>
        </test-method> <!-- setUp -->
        <test-method signature="verifyLoginBtnFunctionality()[pri:0, instance:com.qa.pagetests.HomePageTest@3c01cfa1]" started-at="2022-08-26T13:46:24 IST" name="verifyLoginBtnFunctionality" finished-at="2022-08-26T13:46:26 IST" duration-ms="2224" status="PASS">
          <reporter-output>
          </reporter-output>
        </test-method> <!-- verifyLoginBtnFunctionality -->
        <test-method is-config="true" signature="tearDown()[pri:0, instance:com.qa.pagetests.HomePageTest@3c01cfa1]" started-at="2022-08-26T13:46:26 IST" name="tearDown" finished-at="2022-08-26T13:46:26 IST" duration-ms="1" status="PASS">
          <reporter-output>
          </reporter-output>
        </test-method> <!-- tearDown -->
      </class> <!-- com.qa.pagetests.HomePageTest -->
    </test> <!-- Default test -->
  </suite> <!-- Default suite -->
</testng-results>
